# JRE version: Java(TM) SE Runtime Environment (7.0_51-b13) (build 1.7.0_51-b13)
# Java VM: Java HotSpot(TM) 64-Bit Server VM (24.51-b03 mixed mode windows-amd64 compressed oops)
Heap
 PSYoungGen      total 274432K, used 122397K [0x00000007d6000000, 0x00000007e7800000, 0x0000000800000000)
  eden space 262144K, 44% used [0x00000007d6000000,0x00000007dd134558,0x00000007e6000000)
  from space 12288K, 52% used [0x00000007e6c00000,0x00000007e7252eb8,0x00000007e7800000)
  to   space 12288K, 0% used [0x00000007e6000000,0x00000007e6000000,0x00000007e6c00000)
 ParOldGen       total 86016K, used 16352K [0x0000000782000000, 0x0000000787400000, 0x00000007d6000000)
  object space 86016K, 19% used [0x0000000782000000,0x0000000782ff82b0,0x0000000787400000)
 PSPermGen       total 35328K, used 34899K [0x000000077ce00000, 0x000000077f080000, 0x0000000782000000)
  object space 35328K, 98% used [0x000000077ce00000,0x000000077f014fa0,0x000000077f080000)
GC Heap History (10 events):
Event: 2.321 GC heap before
{Heap before GC invocations=4 (full 0):
 PSYoungGen      total 37888K, used 37876K [0x00000007d6000000, 0x00000007daa00000, 0x0000000800000000)
  eden space 32768K, 100% used [0x00000007d6000000,0x00000007d8000000,0x00000007d8000000)
  from space 5120K, 99% used [0x00000007d8000000,0x00000007d84fd030,0x00000007d8500000)
  to   space 5120K, 0% used [0x00000007da500000,0x00000007da500000,0x00000007daa00000)
 ParOldGen       total 86016K, used 2693K [0x0000000782000000, 0x0000000787400000, 0x00000007d6000000)
  object space 86016K, 3% used [0x0000000782000000,0x00000007822a1628,0x0000000787400000)
 PSPermGen       total 21504K, used 13940K [0x000000077ce00000, 0x000000077e300000, 0x0000000782000000)
  object space 21504K, 64% used [0x000000077ce00000,0x000000077db9d040,0x000000077e300000)
Event: 2.339 GC heap after
Heap after GC invocations=4 (full 0):
 PSYoungGen      total 70656K, used 5115K [0x00000007d6000000, 0x00000007daa00000, 0x0000000800000000)
  eden space 65536K, 0% used [0x00000007d6000000,0x00000007d6000000,0x00000007da000000)
  from space 5120K, 99% used [0x00000007da500000,0x00000007da9fed70,0x00000007daa00000)
  to   space 5120K, 0% used [0x00000007da000000,0x00000007da000000,0x00000007da500000)
 ParOldGen       total 86016K, used 7971K [0x0000000782000000, 0x0000000787400000, 0x00000007d6000000)
  object space 86016K, 9% used [0x0000000782000000,0x00000007827c8c70,0x0000000787400000)
 PSPermGen       total 21504K, used 13940K [0x000000077ce00000, 0x000000077e300000, 0x0000000782000000)
  object space 21504K, 64% used [0x000000077ce00000,0x000000077db9d040,0x000000077e300000)
}
Event: 2.812 GC heap before
{Heap before GC invocations=5 (full 0):
 PSYoungGen      total 70656K, used 70651K [0x00000007d6000000, 0x00000007daa00000, 0x0000000800000000)
  eden space 65536K, 100% used [0x00000007d6000000,0x00000007da000000,0x00000007da000000)
  from space 5120K, 99% used [0x00000007da500000,0x00000007da9fed70,0x00000007daa00000)
  to   space 5120K, 0% used [0x00000007da000000,0x00000007da000000,0x00000007da500000)
 ParOldGen       total 86016K, used 7971K [0x0000000782000000, 0x0000000787400000, 0x00000007d6000000)
  object space 86016K, 9% used [0x0000000782000000,0x00000007827c8c70,0x0000000787400000)
 PSPermGen       total 21504K, used 16820K [0x000000077ce00000, 0x000000077e300000, 0x0000000782000000)
  object space 21504K, 78% used [0x000000077ce00000,0x000000077de6d088,0x000000077e300000)
Event: 2.822 GC heap after
Heap after GC invocations=5 (full 0):
 PSYoungGen      total 70656K, used 5099K [0x00000007d6000000, 0x00000007df800000, 0x0000000800000000)
  eden space 65536K, 0% used [0x00000007d6000000,0x00000007d6000000,0x00000007da000000)
  from space 5120K, 99% used [0x00000007da000000,0x00000007da4fad80,0x00000007da500000)
  to   space 12288K, 0% used [0x00000007dec00000,0x00000007dec00000,0x00000007df800000)
 ParOldGen       total 86016K, used 12030K [0x0000000782000000, 0x0000000787400000, 0x00000007d6000000)
  object space 86016K, 13% used [0x0000000782000000,0x0000000782bbfa18,0x0000000787400000)
 PSPermGen       total 21504K, used 16820K [0x000000077ce00000, 0x000000077e300000, 0x0000000782000000)
  object space 21504K, 78% used [0x000000077ce00000,0x000000077de6d088,0x000000077e300000)
}
Event: 3.107 GC heap before
{Heap before GC invocations=6 (full 0):
 PSYoungGen      total 70656K, used 70635K [0x00000007d6000000, 0x00000007df800000, 0x0000000800000000)
  eden space 65536K, 100% used [0x00000007d6000000,0x00000007da000000,0x00000007da000000)
  from space 5120K, 99% used [0x00000007da000000,0x00000007da4fad80,0x00000007da500000)
  to   space 12288K, 0% used [0x00000007dec00000,0x00000007dec00000,0x00000007df800000)
 ParOldGen       total 86016K, used 12030K [0x0000000782000000, 0x0000000787400000, 0x00000007d6000000)
  object space 86016K, 13% used [0x0000000782000000,0x0000000782bbfa18,0x0000000787400000)
 PSPermGen       total 21504K, used 19272K [0x000000077ce00000, 0x000000077e300000, 0x0000000782000000)
  object space 21504K, 89% used [0x000000077ce00000,0x000000077e0d23f8,0x000000077e300000)
Event: 3.118 GC heap after
Heap after GC invocations=6 (full 0):
 PSYoungGen      total 142336K, used 8014K [0x00000007d6000000, 0x00000007df700000, 0x0000000800000000)
  eden space 131072K, 0% used [0x00000007d6000000,0x00000007d6000000,0x00000007de000000)
  from space 11264K, 71% used [0x00000007dec00000,0x00000007df3d3a98,0x00000007df700000)
  to   space 11776K, 0% used [0x00000007de000000,0x00000007de000000,0x00000007deb80000)
 ParOldGen       total 86016K, used 12030K [0x0000000782000000, 0x0000000787400000, 0x00000007d6000000)
  object space 86016K, 13% used [0x0000000782000000,0x0000000782bbfa18,0x0000000787400000)
 PSPermGen       total 21504K, used 19272K [0x000000077ce00000, 0x000000077e300000, 0x0000000782000000)
  object space 21504K, 89% used [0x000000077ce00000,0x000000077e0d23f8,0x000000077e300000)
}
Event: 3.994 GC heap before
{Heap before GC invocations=7 (full 0):
 PSYoungGen      total 142336K, used 139086K [0x00000007d6000000, 0x00000007df700000, 0x0000000800000000)
  eden space 131072K, 100% used [0x00000007d6000000,0x00000007de000000,0x00000007de000000)
  from space 11264K, 71% used [0x00000007dec00000,0x00000007df3d3a98,0x00000007df700000)
  to   space 11776K, 0% used [0x00000007de000000,0x00000007de000000,0x00000007deb80000)
 ParOldGen       total 86016K, used 12030K [0x0000000782000000, 0x0000000787400000, 0x00000007d6000000)
  object space 86016K, 13% used [0x0000000782000000,0x0000000782bbfa18,0x0000000787400000)
 PSPermGen       total 26112K, used 25865K [0x000000077ce00000, 0x000000077e780000, 0x0000000782000000)
  object space 26112K, 99% used [0x000000077ce00000,0x000000077e742460,0x000000077e780000)
Event: 4.009 GC heap after
Heap after GC invocations=7 (full 0):
 PSYoungGen      total 142848K, used 9884K [0x00000007d6000000, 0x00000007e7800000, 0x0000000800000000)
  eden space 131072K, 0% used [0x00000007d6000000,0x00000007d6000000,0x00000007de000000)
  from space 11776K, 83% used [0x00000007de000000,0x00000007de9a7060,0x00000007deb80000)
  to   space 12288K, 0% used [0x00000007e6c00000,0x00000007e6c00000,0x00000007e7800000)
 ParOldGen       total 86016K, used 13540K [0x0000000782000000, 0x0000000787400000, 0x00000007d6000000)
  object space 86016K, 15% used [0x0000000782000000,0x0000000782d390c8,0x0000000787400000)
 PSPermGen       total 26112K, used 25865K [0x000000077ce00000, 0x000000077e780000, 0x0000000782000000)
  object space 26112K, 99% used [0x000000077ce00000,0x000000077e742460,0x000000077e780000)
}
Event: 5.610 GC heap before
{Heap before GC invocations=8 (full 0):
 PSYoungGen      total 142848K, used 140956K [0x00000007d6000000, 0x00000007e7800000, 0x0000000800000000)
  eden space 131072K, 100% used [0x00000007d6000000,0x00000007de000000,0x00000007de000000)
  from space 11776K, 83% used [0x00000007de000000,0x00000007de9a7060,0x00000007deb80000)
  to   space 12288K, 0% used [0x00000007e6c00000,0x00000007e6c00000,0x00000007e7800000)
 ParOldGen       total 86016K, used 13540K [0x0000000782000000, 0x0000000787400000, 0x00000007d6000000)
  object space 86016K, 15% used [0x0000000782000000,0x0000000782d390c8,0x0000000787400000)
 PSPermGen       total 29184K, used 29001K [0x000000077ce00000, 0x000000077ea80000, 0x0000000782000000)
  object space 29184K, 99% used [0x000000077ce00000,0x000000077ea526e8,0x000000077ea80000)
Event: 5.627 GC heap after
Heap after GC invocations=8 (full 0):
 PSYoungGen      total 274432K, used 6475K [0x00000007d6000000, 0x00000007e7800000, 0x0000000800000000)
  eden space 262144K, 0% used [0x00000007d6000000,0x00000007d6000000,0x00000007e6000000)
  from space 12288K, 52% used [0x00000007e6c00000,0x00000007e7252eb8,0x00000007e7800000)
  to   space 12288K, 0% used [0x00000007e6000000,0x00000007e6000000,0x00000007e6c00000)
 ParOldGen       total 86016K, used 16352K [0x0000000782000000, 0x0000000787400000, 0x00000007d6000000)
  object space 86016K, 19% used [0x0000000782000000,0x0000000782ff82b0,0x0000000787400000)
 PSPermGen       total 29184K, used 29001K [0x000000077ce00000, 0x000000077ea80000, 0x0000000782000000)
  object space 29184K, 99% used [0x000000077ce00000,0x000000077ea526e8,0x000000077ea80000)
}

